Library/Bee/Android/Prj/IL2CPP/Gradle/unityLibrary/build/intermediates/manifest_merge_blame_file/release/manifest-merger-blame-release-report.txt
1<?xml version="1.0" encoding="utf-8"?>
2<manifest xmlns:android="http://schemas.android.com/apk/res/android"
3    xmlns:tools="http://schemas.android.com/tools"
4    package="com.unity3d.player"
5    android:installLocation="preferExternal"
6    android:versionCode="1"
7    android:versionName="0.1" >
8
9    <uses-sdk
9-->src\main\AndroidManifest.xml:3:3-61
10        android:minSdkVersion="26"
10-->src\main\AndroidManifest.xml:3:3-61
11        android:targetSdkVersion="30"
11-->src\main\AndroidManifest.xml:3:3-61
12        tools:overrideLibrary="com.nreal.glasses_sdk" />
12-->src\main\AndroidManifest.xml:3:13-58
13
14    <supports-screens
14-->src\main\AndroidManifest.xml:4:3-163
15        android:anyDensity="true"
15-->src\main\AndroidManifest.xml:4:135-160
16        android:largeScreens="true"
16-->src\main\AndroidManifest.xml:4:78-105
17        android:normalScreens="true"
17-->src\main\AndroidManifest.xml:4:49-77
18        android:smallScreens="true"
18-->src\main\AndroidManifest.xml:4:21-48
19        android:xlargeScreens="true" />
19-->src\main\AndroidManifest.xml:4:106-134
20
21    <uses-permission android:name="android.permission.BLUETOOTH" />
21-->src\main\AndroidManifest.xml:21:3-66
21-->src\main\AndroidManifest.xml:21:20-63
22
23    <uses-feature android:glEsVersion="0x00030000" />
23-->src\main\AndroidManifest.xml:22:3-52
23-->src\main\AndroidManifest.xml:22:17-49
24
25    <uses-permission android:name="android.permission.VIBRATE" />
25-->src\main\AndroidManifest.xml:23:3-64
25-->src\main\AndroidManifest.xml:23:20-61
26    <uses-permission android:name="android.permission.WRITE_EXTERNAL_STORAGE" />
26-->src\main\AndroidManifest.xml:24:3-79
26-->src\main\AndroidManifest.xml:24:20-76
27
28    <uses-feature
28-->src\main\AndroidManifest.xml:25:3-88
29        android:name="android.hardware.touchscreen"
29-->src\main\AndroidManifest.xml:25:17-60
30        android:required="false" />
30-->src\main\AndroidManifest.xml:25:61-85
31    <uses-feature
31-->src\main\AndroidManifest.xml:26:3-99
32        android:name="android.hardware.touchscreen.multitouch"
32-->src\main\AndroidManifest.xml:26:17-71
33        android:required="false" />
33-->src\main\AndroidManifest.xml:26:72-96
34    <uses-feature
34-->src\main\AndroidManifest.xml:27:3-108
35        android:name="android.hardware.touchscreen.multitouch.distinct"
35-->src\main\AndroidManifest.xml:27:17-80
36        android:required="false" />
36-->src\main\AndroidManifest.xml:27:81-105
37
38    <application
38-->src\main\AndroidManifest.xml:5:3-20:17
39        android:extractNativeLibs="true"
39-->src\main\AndroidManifest.xml:5:123-155
40        android:icon="@mipmap/app_icon"
40-->src\main\AndroidManifest.xml:5:58-89
41        android:label="@string/app_name"
41-->src\main\AndroidManifest.xml:5:90-122
42        android:theme="@style/UnityThemeSelector" >
42-->src\main\AndroidManifest.xml:5:16-57
43        <activity
43-->src\main\AndroidManifest.xml:6:5-12:16
44            android:name="com.unity3d.player.UnityPlayerActivity"
44-->src\main\AndroidManifest.xml:6:15-68
45            android:configChanges="mcc|mnc|locale|touchscreen|keyboard|keyboardHidden|navigation|orientation|screenLayout|uiMode|screenSize|smallestScreenSize|fontScale|layoutDirection|density"
45-->src\main\AndroidManifest.xml:6:138-319
46            android:hardwareAccelerated="false"
46-->src\main\AndroidManifest.xml:6:355-390
47            android:launchMode="singleTask"
47-->src\main\AndroidManifest.xml:6:106-137
48            android:resizeableActivity="false"
48-->src\main\AndroidManifest.xml:6:320-354
49            android:screenOrientation="portrait" >
49-->src\main\AndroidManifest.xml:6:69-105
50            <intent-filter>
50-->src\main\AndroidManifest.xml:7:7-10:23
51                <action android:name="android.intent.action.MAIN" />
51-->src\main\AndroidManifest.xml:8:9-61
51-->src\main\AndroidManifest.xml:8:17-58
52
53                <category android:name="android.intent.category.LAUNCHER" />
53-->src\main\AndroidManifest.xml:9:9-69
53-->src\main\AndroidManifest.xml:9:19-66
54            </intent-filter>
55
56            <meta-data
56-->src\main\AndroidManifest.xml:11:7-78
57                android:name="android.notch_support"
57-->src\main\AndroidManifest.xml:11:18-54
58                android:value="true" />
58-->src\main\AndroidManifest.xml:11:55-75
59        </activity>
60
61        <meta-data
61-->src\main\AndroidManifest.xml:13:5-64
62            android:name="nreal_sdk"
62-->src\main\AndroidManifest.xml:13:16-40
63            android:value="true" />
63-->src\main\AndroidManifest.xml:13:41-61
64        <meta-data
64-->src\main\AndroidManifest.xml:14:5-94
65            android:name="com.nreal.supportDevices"
65-->src\main\AndroidManifest.xml:14:16-55
66            android:value="NrealLight|NrealAir" />
66-->src\main\AndroidManifest.xml:14:56-91
67        <meta-data
67-->src\main\AndroidManifest.xml:15:5-69
68            android:name="unity.splash-mode"
68-->src\main\AndroidManifest.xml:15:16-48
69            android:value="0" />
69-->src\main\AndroidManifest.xml:15:49-66
70        <meta-data
70-->src\main\AndroidManifest.xml:16:5-74
71            android:name="unity.splash-enable"
71-->src\main\AndroidManifest.xml:16:16-50
72            android:value="True" />
72-->src\main\AndroidManifest.xml:16:51-71
73        <meta-data
73-->src\main\AndroidManifest.xml:17:5-78
74            android:name="unity.launch-fullscreen"
74-->src\main\AndroidManifest.xml:17:16-54
75            android:value="True" />
75-->src\main\AndroidManifest.xml:17:55-75
76        <meta-data
76-->src\main\AndroidManifest.xml:18:5-84
77            android:name="unity.allow-resizable-window"
77-->src\main\AndroidManifest.xml:18:16-59
78            android:value="False" />
78-->src\main\AndroidManifest.xml:18:60-81
79        <meta-data
79-->src\main\AndroidManifest.xml:19:5-81
80            android:name="notch.config"
80-->src\main\AndroidManifest.xml:19:16-43
81            android:value="portrait|landscape" />
81-->src\main\AndroidManifest.xml:19:44-78
82    </application>
83
84</manifest>